<?xml version="1.0" encoding="UTF-8"?>
<!-- Generated by org.testng.reporters.JUnitXMLReporter -->
<testsuite ignored="1" hostname="LAPTOP-HD2RSVAT" failures="0" tests="6" name="Test" time="9.011" errors="0" timestamp="09 Jul 2020 19:39:51 GMT">
  <testcase classname="Udemy.Maven.SeleniumTest" name="elementsUI" time="0.001"/>
  <testcase classname="Udemy.Maven.RestAssuredTest" name="deleteTwitter" time="0.0"/>
  <testcase classname="Udemy.Maven.RestAssuredTest" name="postJira" time="0.0"/>
  <testcase classname="Udemy.Maven.AppiumTest" name="IOSAPPS" time="0.0"/>
  <testcase classname="Udemy.Maven.AppiumTest" name="NativeAppAndroid" time="0.0"/>
  <testcase classname="Udemy.Maven.ExtentReportTest" name="initialdemo" time="8.885"/>
  <testcase classname="Udemy.Maven.SeleniumTest" name="BrowserAutomation" time="0.0">
    <ignored/>
  </testcase> <!-- BrowserAutomation -->
</testsuite> <!-- Test -->
