<?xml version="1.0" encoding="UTF-8"?>
<testng-results ignored="0" total="1" passed="1" failed="0" skipped="0">
  <reporter-output>
  </reporter-output>
  <suite started-at="2020-06-29T22:06:31 IST" name="Default suite" finished-at="2020-06-29T22:06:37 IST" duration-ms="6293">
    <groups>
    </groups>
    <test started-at="2020-06-29T22:06:31 IST" name="Default test" finished-at="2020-06-29T22:06:37 IST" duration-ms="6293">
      <class name="Udemy.Maven.ExtentReportTest">
        <test-method is-config="true" signature="config()[pri:0, instance:Udemy.Maven.ExtentReportTest@96def03]" started-at="2020-06-29T22:06:31 IST" name="config" finished-at="2020-06-29T22:06:31 IST" duration-ms="151" status="PASS">
          <reporter-output>
          </reporter-output>
        </test-method> <!-- config -->
        <test-method signature="initialdemo()[pri:0, instance:Udemy.Maven.ExtentReportTest@96def03]" started-at="2020-06-29T22:06:31 IST" name="initialdemo" finished-at="2020-06-29T22:06:37 IST" duration-ms="6106" status="PASS">
          <reporter-output>
          </reporter-output>
        </test-method> <!-- initialdemo -->
      </class> <!-- Udemy.Maven.ExtentReportTest -->
    </test> <!-- Default test -->
  </suite> <!-- Default suite -->
</testng-results>
